[2025-12-15T04:11:31.082+0000] {local_task_job_runner.py:123} INFO - ::group::Pre task execution logs
[2025-12-15T04:11:31.119+0000] {taskinstance.py:2613} INFO - Dependencies all met for dep_context=non-requeueable deps ti=<TaskInstance: 01_check_db_connection.check_replica_connectivity manual__2025-12-15T04:11:29.778936+00:00 [queued]>
[2025-12-15T04:11:31.140+0000] {taskinstance.py:2613} INFO - Dependencies all met for dep_context=requeueable deps ti=<TaskInstance: 01_check_db_connection.check_replica_connectivity manual__2025-12-15T04:11:29.778936+00:00 [queued]>
[2025-12-15T04:11:31.141+0000] {taskinstance.py:2866} INFO - Starting attempt 1 of 2
[2025-12-15T04:11:31.169+0000] {taskinstance.py:2889} INFO - Executing <Task(PythonOperator): check_replica_connectivity> on 2025-12-15 04:11:29.778936+00:00
[2025-12-15T04:11:31.184+0000] {logging_mixin.py:190} WARNING - /home/***/.local/lib/python3.12/site-packages/***/task/task_runner/standard_task_runner.py:70 DeprecationWarning: This process (pid=173) is multi-threaded, use of fork() may lead to deadlocks in the child.
[2025-12-15T04:11:31.187+0000] {standard_task_runner.py:72} INFO - Started process 174 to run task
[2025-12-15T04:11:31.185+0000] {standard_task_runner.py:104} INFO - Running: ['***', 'tasks', 'run', '01_check_db_connection', 'check_replica_connectivity', 'manual__2025-12-15T04:11:29.778936+00:00', '--job-id', '2', '--raw', '--subdir', 'DAGS_FOLDER/db_check_dag.py', '--cfg-path', '/tmp/tmpxrpk8q3b']
[2025-12-15T04:11:31.191+0000] {standard_task_runner.py:105} INFO - Job 2: Subtask check_replica_connectivity
[2025-12-15T04:11:31.217+0000] {logging_mixin.py:190} WARNING - /home/***/.local/lib/python3.12/site-packages/***/settings.py:209 DeprecationWarning: The sql_alchemy_conn option in [core] has been moved to the sql_alchemy_conn option in [database] - the old setting has been used, but please update your config.
[2025-12-15T04:11:31.259+0000] {task_command.py:467} INFO - Running <TaskInstance: 01_check_db_connection.check_replica_connectivity manual__2025-12-15T04:11:29.778936+00:00 [running]> on host 5a0c8aa6f436
[2025-12-15T04:11:31.415+0000] {taskinstance.py:3132} INFO - Exporting env vars: AIRFLOW_CTX_DAG_OWNER='***' AIRFLOW_CTX_DAG_ID='01_check_db_connection' AIRFLOW_CTX_TASK_ID='check_replica_connectivity' AIRFLOW_CTX_EXECUTION_DATE='2025-12-15T04:11:29.778936+00:00' AIRFLOW_CTX_TRY_NUMBER='1' AIRFLOW_CTX_DAG_RUN_ID='manual__2025-12-15T04:11:29.778936+00:00'
[2025-12-15T04:11:31.417+0000] {taskinstance.py:731} INFO - ::endgroup::
[2025-12-15T04:11:31.474+0000] {crypto.py:82} WARNING - empty cryptography key - values will not be stored encrypted.
[2025-12-15T04:11:31.477+0000] {base.py:84} INFO - Retrieving connection 'payment_db_replica'
[2025-12-15T04:11:31.542+0000] {sql.py:544} INFO - Running statement: SELECT COUNT(*) FROM transactions;, parameters: None
[2025-12-15T04:11:31.552+0000] {sql.py:553} INFO - Rows affected: 1
[2025-12-15T04:11:31.553+0000] {logging_mixin.py:190} INFO - ✅ SUCCESSFULLY CONNECTED TO REPLICA!
[2025-12-15T04:11:31.554+0000] {logging_mixin.py:190} INFO - 📊 Total Transactions found: 2
[2025-12-15T04:11:31.554+0000] {python.py:240} INFO - Done. Returned value was: None
[2025-12-15T04:11:31.561+0000] {taskinstance.py:340} INFO - ::group::Post task execution logs
[2025-12-15T04:11:31.561+0000] {taskinstance.py:352} INFO - Marking task as SUCCESS. dag_id=01_check_db_connection, task_id=check_replica_connectivity, run_id=manual__2025-12-15T04:11:29.778936+00:00, execution_date=20251215T041129, start_date=20251215T041131, end_date=20251215T041131
[2025-12-15T04:11:31.613+0000] {local_task_job_runner.py:266} INFO - Task exited with return code 0
[2025-12-15T04:11:31.625+0000] {taskinstance.py:3895} INFO - 0 downstream tasks scheduled from follow-on schedule check
[2025-12-15T04:11:31.626+0000] {local_task_job_runner.py:245} INFO - ::endgroup::
