[2025-12-15T04:30:42.344+0000] {local_task_job_runner.py:123} INFO - ::group::Pre task execution logs
[2025-12-15T04:30:42.364+0000] {taskinstance.py:2613} INFO - Dependencies all met for dep_context=non-requeueable deps ti=<TaskInstance: 02_fraud_analysis_etl.detect_suspicious_activity scheduled__2025-12-14T00:00:00+00:00 [queued]>
[2025-12-15T04:30:42.372+0000] {taskinstance.py:2613} INFO - Dependencies all met for dep_context=requeueable deps ti=<TaskInstance: 02_fraud_analysis_etl.detect_suspicious_activity scheduled__2025-12-14T00:00:00+00:00 [queued]>
[2025-12-15T04:30:42.372+0000] {taskinstance.py:2866} INFO - Starting attempt 1 of 2
[2025-12-15T04:30:42.393+0000] {taskinstance.py:2889} INFO - Executing <Task(PythonOperator): detect_suspicious_activity> on 2025-12-14 00:00:00+00:00
[2025-12-15T04:30:42.411+0000] {logging_mixin.py:190} WARNING - /home/***/.local/lib/python3.12/site-packages/***/task/task_runner/standard_task_runner.py:70 DeprecationWarning: This process (pid=192) is multi-threaded, use of fork() may lead to deadlocks in the child.
[2025-12-15T04:30:42.413+0000] {standard_task_runner.py:72} INFO - Started process 193 to run task
[2025-12-15T04:30:42.409+0000] {standard_task_runner.py:104} INFO - Running: ['***', 'tasks', 'run', '02_fraud_analysis_etl', 'detect_suspicious_activity', 'scheduled__2025-12-14T00:00:00+00:00', '--job-id', '4', '--raw', '--subdir', 'DAGS_FOLDER/fraud_analysis_etl.py', '--cfg-path', '/tmp/tmp0hx8hdik']
[2025-12-15T04:30:42.417+0000] {standard_task_runner.py:105} INFO - Job 4: Subtask detect_suspicious_activity
[2025-12-15T04:30:42.442+0000] {logging_mixin.py:190} WARNING - /home/***/.local/lib/python3.12/site-packages/***/settings.py:209 DeprecationWarning: The sql_alchemy_conn option in [core] has been moved to the sql_alchemy_conn option in [database] - the old setting has been used, but please update your config.
[2025-12-15T04:30:42.480+0000] {task_command.py:467} INFO - Running <TaskInstance: 02_fraud_analysis_etl.detect_suspicious_activity scheduled__2025-12-14T00:00:00+00:00 [running]> on host dcd342ec1cec
[2025-12-15T04:30:42.482+0000] {logging_mixin.py:190} WARNING - /home/***/.local/lib/python3.12/site-packages/***/settings.py:470 DeprecationWarning: The sql_alchemy_conn option in [core] has been moved to the sql_alchemy_conn option in [database] - the old setting has been used, but please update your config.
[2025-12-15T04:30:42.578+0000] {taskinstance.py:3132} INFO - Exporting env vars: AIRFLOW_CTX_DAG_OWNER='data_team' AIRFLOW_CTX_DAG_ID='02_fraud_analysis_etl' AIRFLOW_CTX_TASK_ID='detect_suspicious_activity' AIRFLOW_CTX_EXECUTION_DATE='2025-12-14T00:00:00+00:00' AIRFLOW_CTX_TRY_NUMBER='1' AIRFLOW_CTX_DAG_RUN_ID='scheduled__2025-12-14T00:00:00+00:00'
[2025-12-15T04:30:42.579+0000] {taskinstance.py:731} INFO - ::endgroup::
[2025-12-15T04:30:42.642+0000] {crypto.py:82} WARNING - empty cryptography key - values will not be stored encrypted.
[2025-12-15T04:30:42.643+0000] {base.py:84} INFO - Retrieving connection 'payment_db_replica'
[2025-12-15T04:30:42.657+0000] {sql.py:544} INFO - Running statement: SELECT id, user_id, amount, currency FROM transactions;, parameters: None
[2025-12-15T04:30:42.662+0000] {sql.py:553} INFO - Rows affected: 3
[2025-12-15T04:30:42.663+0000] {logging_mixin.py:190} INFO - 📥 Extracted 3 transactions from Replica.
[2025-12-15T04:30:42.664+0000] {logging_mixin.py:190} INFO - ⚠️  ALERT: Fraud detected! ID: 3, Amount: 15000.00
[2025-12-15T04:30:42.665+0000] {logging_mixin.py:190} INFO - ✅ Analysis Complete.
[2025-12-15T04:30:42.665+0000] {logging_mixin.py:190} INFO - 📊 Total Suspicious Transactions: 1
[2025-12-15T04:30:42.666+0000] {logging_mixin.py:190} INFO - 💰 Total Fraud Volume: 15000.0
[2025-12-15T04:30:42.666+0000] {logging_mixin.py:190} INFO - 📂 Report saved to: /opt/***/logs/fraud_reports/fraud_report_2025-12-15_04-30-42.csv
[2025-12-15T04:30:42.666+0000] {python.py:240} INFO - Done. Returned value was: None
[2025-12-15T04:30:42.675+0000] {taskinstance.py:340} INFO - ::group::Post task execution logs
[2025-12-15T04:30:42.676+0000] {taskinstance.py:352} INFO - Marking task as SUCCESS. dag_id=02_fraud_analysis_etl, task_id=detect_suspicious_activity, run_id=scheduled__2025-12-14T00:00:00+00:00, execution_date=20251214T000000, start_date=20251215T043042, end_date=20251215T043042
[2025-12-15T04:30:42.718+0000] {local_task_job_runner.py:266} INFO - Task exited with return code 0
[2025-12-15T04:30:42.733+0000] {taskinstance.py:3895} INFO - 0 downstream tasks scheduled from follow-on schedule check
[2025-12-15T04:30:42.734+0000] {local_task_job_runner.py:245} INFO - ::endgroup::
